<?xml version="1.0" encoding="UTF-8"?>
<testng-results skipped="0" failed="2" ignored="0" total="17" passed="15">
  <reporter-output>
  </reporter-output>
  <suite name="Default suite" duration-ms="45937" started-at="2020-09-10T11:54:56 EDT" finished-at="2020-09-10T11:55:42 EDT">
    <groups>
    </groups>
    <test name="Default test" duration-ms="45937" started-at="2020-09-10T11:54:56 EDT" finished-at="2020-09-10T11:55:42 EDT">
      <class name="com.testcases.Tests">
        <test-method status="PASS" signature="checkboxes()[pri:0, instance:com.testcases.Tests@1e965684]" name="checkboxes" duration-ms="2404" started-at="2020-09-10T11:54:56 EDT" finished-at="2020-09-10T11:54:58 EDT">
          <reporter-output>
          </reporter-output>
        </test-method> <!-- checkboxes -->
        <test-method status="PASS" signature="contextMenu()[pri:0, instance:com.testcases.Tests@1e965684]" name="contextMenu" duration-ms="1684" started-at="2020-09-10T11:54:58 EDT" finished-at="2020-09-10T11:55:00 EDT">
          <reporter-output>
          </reporter-output>
        </test-method> <!-- contextMenu -->
        <test-method status="PASS" signature="download()[pri:0, instance:com.testcases.Tests@1e965684]" name="download" duration-ms="1681" started-at="2020-09-10T11:55:00 EDT" finished-at="2020-09-10T11:55:02 EDT">
          <reporter-output>
          </reporter-output>
        </test-method> <!-- download -->
        <test-method status="PASS" signature="dragAndDrop()[pri:0, instance:com.testcases.Tests@1e965684]" name="dragAndDrop" duration-ms="1779" started-at="2020-09-10T11:55:02 EDT" finished-at="2020-09-10T11:55:04 EDT">
          <reporter-output>
          </reporter-output>
        </test-method> <!-- dragAndDrop -->
        <test-method status="PASS" signature="dropdown()[pri:0, instance:com.testcases.Tests@1e965684]" name="dropdown" duration-ms="1560" started-at="2020-09-10T11:55:04 EDT" finished-at="2020-09-10T11:55:05 EDT">
          <reporter-output>
          </reporter-output>
        </test-method> <!-- dropdown -->
        <test-method status="PASS" signature="dynamicContent()[pri:0, instance:com.testcases.Tests@1e965684]" name="dynamicContent" duration-ms="3656" started-at="2020-09-10T11:55:05 EDT" finished-at="2020-09-10T11:55:09 EDT">
          <reporter-output>
          </reporter-output>
        </test-method> <!-- dynamicContent -->
        <test-method status="PASS" signature="dynamicControls()[pri:0, instance:com.testcases.Tests@1e965684]" name="dynamicControls" duration-ms="5097" started-at="2020-09-10T11:55:09 EDT" finished-at="2020-09-10T11:55:14 EDT">
          <reporter-output>
          </reporter-output>
        </test-method> <!-- dynamicControls -->
        <test-method status="FAIL" signature="dynamicLoading()[pri:0, instance:com.testcases.Tests@1e965684]" name="dynamicLoading" duration-ms="11850" started-at="2020-09-10T11:55:14 EDT" finished-at="2020-09-10T11:55:26 EDT">
          <exception class="org.openqa.selenium.TimeoutException">
            <message>
              <![CDATA[Expected condition failed: waiting for visibility of Proxy element for: DefaultElementLocator 'By.cssSelector: div#finish' (tried for 10 second(s) with 500 milliseconds interval)]]>
            </message>
            <full-stacktrace>
              <![CDATA[org.openqa.selenium.TimeoutException: Expected condition failed: waiting for visibility of Proxy element for: DefaultElementLocator 'By.cssSelector: div#finish' (tried for 10 second(s) with 500 milliseconds interval)
at org.openqa.selenium.support.ui.WebDriverWait.timeoutException(WebDriverWait.java:95)
at org.openqa.selenium.support.ui.FluentWait.until(FluentWait.java:272)
at com.testcases.Tests.dynamicLoading(Tests.java:173)
at sun.reflect.NativeMethodAccessorImpl.invoke0(Native Method)
at sun.reflect.NativeMethodAccessorImpl.invoke(NativeMethodAccessorImpl.java:62)
at sun.reflect.DelegatingMethodAccessorImpl.invoke(DelegatingMethodAccessorImpl.java:43)
at java.lang.reflect.Method.invoke(Method.java:498)
at org.testng.internal.MethodInvocationHelper.invokeMethod(MethodInvocationHelper.java:134)
at org.testng.internal.TestInvoker.invokeMethod(TestInvoker.java:597)
at org.testng.internal.TestInvoker.invokeTestMethod(TestInvoker.java:173)
at org.testng.internal.MethodRunner.runInSequence(MethodRunner.java:46)
at org.testng.internal.TestInvoker$MethodInvocationAgent.invoke(TestInvoker.java:816)
at org.testng.internal.TestInvoker.invokeTestMethods(TestInvoker.java:146)
at org.testng.internal.TestMethodWorker.invokeTestMethods(TestMethodWorker.java:146)
at org.testng.internal.TestMethodWorker.run(TestMethodWorker.java:128)
at java.util.ArrayList.forEach(ArrayList.java:1257)
at org.testng.TestRunner.privateRun(TestRunner.java:766)
at org.testng.TestRunner.run(TestRunner.java:587)
at org.testng.SuiteRunner.runTest(SuiteRunner.java:384)
at org.testng.SuiteRunner.runSequentially(SuiteRunner.java:378)
at org.testng.SuiteRunner.privateRun(SuiteRunner.java:337)
at org.testng.SuiteRunner.run(SuiteRunner.java:286)
at org.testng.SuiteRunnerWorker.runSuite(SuiteRunnerWorker.java:53)
at org.testng.SuiteRunnerWorker.run(SuiteRunnerWorker.java:96)
at org.testng.TestNG.runSuitesSequentially(TestNG.java:1187)
at org.testng.TestNG.runSuitesLocally(TestNG.java:1109)
at org.testng.TestNG.runSuites(TestNG.java:1039)
at org.testng.TestNG.run(TestNG.java:1007)
at org.testng.remote.AbstractRemoteTestNG.run(AbstractRemoteTestNG.java:115)
at org.testng.remote.RemoteTestNG.initAndRun(RemoteTestNG.java:251)
at org.testng.remote.RemoteTestNG.main(RemoteTestNG.java:77)
Caused by: org.openqa.selenium.NoSuchElementException: no such element: Unable to locate element: {"method":"css selector","selector":"div#finish"}
  (Session info: chrome=85.0.4183.102)
For documentation on this error, please visit: https://www.seleniumhq.org/exceptions/no_such_element.html
Build info: version: '3.141.59', revision: 'e82be7d358', time: '2018-11-14T08:17:03'
System info: host: 'Andriis-MBP.home', ip: 'fe80:0:0:0:d2:b342:6adc:a264%en0', os.name: 'Mac OS X', os.arch: 'x86_64', os.version: '10.15.3', java.version: '1.8.0_241'
Driver info: org.openqa.selenium.chrome.ChromeDriver
Capabilities {acceptInsecureCerts: false, browserName: chrome, browserVersion: 85.0.4183.102, chrome: {chromedriverVersion: 85.0.4183.87 (cd6713ebf92fa..., userDataDir: /var/folders/qb/8s_5lyz57r1...}, goog:chromeOptions: {debuggerAddress: localhost:61826}, javascriptEnabled: true, networkConnectionEnabled: false, pageLoadStrategy: normal, platform: MAC, platformName: MAC, proxy: Proxy(), setWindowRect: true, strictFileInteractability: false, timeouts: {implicit: 0, pageLoad: 300000, script: 30000}, unhandledPromptBehavior: dismiss and notify, webauthn:virtualAuthenticators: true}
Session ID: be9bbab5886e6c6ce50ad20dd4e9d8cc
*** Element info: {Using=css selector, value=div#finish}
at sun.reflect.GeneratedConstructorAccessor18.newInstance(Unknown Source)
at sun.reflect.DelegatingConstructorAccessorImpl.newInstance(DelegatingConstructorAccessorImpl.java:45)
at java.lang.reflect.Constructor.newInstance(Constructor.java:423)
at org.openqa.selenium.remote.http.W3CHttpResponseCodec.createException(W3CHttpResponseCodec.java:187)
at org.openqa.selenium.remote.http.W3CHttpResponseCodec.decode(W3CHttpResponseCodec.java:122)
at org.openqa.selenium.remote.http.W3CHttpResponseCodec.decode(W3CHttpResponseCodec.java:49)
at org.openqa.selenium.remote.HttpCommandExecutor.execute(HttpCommandExecutor.java:158)
at org.openqa.selenium.remote.service.DriverCommandExecutor.execute(DriverCommandExecutor.java:83)
at org.openqa.selenium.remote.RemoteWebDriver.execute(RemoteWebDriver.java:552)
at org.openqa.selenium.remote.RemoteWebDriver.findElement(RemoteWebDriver.java:323)
at org.openqa.selenium.remote.RemoteWebDriver.findElementByCssSelector(RemoteWebDriver.java:420)
at org.openqa.selenium.By$ByCssSelector.findElement(By.java:431)
at org.openqa.selenium.remote.RemoteWebDriver.findElement(RemoteWebDriver.java:315)
at org.openqa.selenium.support.pagefactory.DefaultElementLocator.findElement(DefaultElementLocator.java:69)
at org.openqa.selenium.support.pagefactory.internal.LocatingElementHandler.invoke(LocatingElementHandler.java:38)
at com.sun.proxy.$Proxy7.isDisplayed(Unknown Source)
at org.openqa.selenium.support.ui.ExpectedConditions.elementIfVisible(ExpectedConditions.java:314)
at org.openqa.selenium.support.ui.ExpectedConditions.access$000(ExpectedConditions.java:43)
at org.openqa.selenium.support.ui.ExpectedConditions$10.apply(ExpectedConditions.java:300)
at org.openqa.selenium.support.ui.ExpectedConditions$10.apply(ExpectedConditions.java:297)
at org.openqa.selenium.support.ui.FluentWait.until(FluentWait.java:249)
... 29 more
]]>
            </full-stacktrace>
          </exception> <!-- org.openqa.selenium.TimeoutException -->
          <reporter-output>
          </reporter-output>
        </test-method> <!-- dynamicLoading -->
        <test-method status="PASS" signature="floatingMenu()[pri:0, instance:com.testcases.Tests@1e965684]" name="floatingMenu" duration-ms="1565" started-at="2020-09-10T11:55:26 EDT" finished-at="2020-09-10T11:55:27 EDT">
          <reporter-output>
          </reporter-output>
        </test-method> <!-- floatingMenu -->
        <test-method status="PASS" signature="iframe()[pri:0, instance:com.testcases.Tests@1e965684]" name="iframe" duration-ms="1971" started-at="2020-09-10T11:55:27 EDT" finished-at="2020-09-10T11:55:29 EDT">
          <reporter-output>
          </reporter-output>
        </test-method> <!-- iframe -->
        <test-method status="PASS" signature="javascriptAlerts()[pri:0, instance:com.testcases.Tests@1e965684]" name="javascriptAlerts" duration-ms="2126" started-at="2020-09-10T11:55:29 EDT" finished-at="2020-09-10T11:55:31 EDT">
          <reporter-output>
          </reporter-output>
        </test-method> <!-- javascriptAlerts -->
        <test-method status="PASS" signature="javascriptError()[pri:0, instance:com.testcases.Tests@1e965684]" name="javascriptError" duration-ms="1326" started-at="2020-09-10T11:55:31 EDT" finished-at="2020-09-10T11:55:33 EDT">
          <reporter-output>
          </reporter-output>
        </test-method> <!-- javascriptError -->
        <test-method status="PASS" signature="loginFailure()[pri:0, instance:com.testcases.Tests@1e965684]" name="loginFailure" duration-ms="1975" started-at="2020-09-10T11:55:33 EDT" finished-at="2020-09-10T11:55:35 EDT">
          <reporter-output>
          </reporter-output>
        </test-method> <!-- loginFailure -->
        <test-method status="PASS" signature="loginSuccess()[pri:0, instance:com.testcases.Tests@1e965684]" name="loginSuccess" duration-ms="1983" started-at="2020-09-10T11:55:35 EDT" finished-at="2020-09-10T11:55:37 EDT">
          <reporter-output>
          </reporter-output>
        </test-method> <!-- loginSuccess -->
        <test-method status="PASS" signature="newWindow()[pri:0, instance:com.testcases.Tests@1e965684]" name="newWindow" duration-ms="1656" started-at="2020-09-10T11:55:37 EDT" finished-at="2020-09-10T11:55:38 EDT">
          <reporter-output>
          </reporter-output>
        </test-method> <!-- newWindow -->
        <test-method status="PASS" signature="notificationMessage()[pri:0, instance:com.testcases.Tests@1e965684]" name="notificationMessage" duration-ms="1731" started-at="2020-09-10T11:55:38 EDT" finished-at="2020-09-10T11:55:40 EDT">
          <reporter-output>
          </reporter-output>
        </test-method> <!-- notificationMessage -->
        <test-method status="FAIL" signature="upload()[pri:0, instance:com.testcases.Tests@1e965684]" name="upload" duration-ms="1836" started-at="2020-09-10T11:55:40 EDT" finished-at="2020-09-10T11:55:42 EDT">
          <exception class="java.lang.AssertionError">
            <message>
              <![CDATA[expected [File Uploaded!
TextDoc.txt] but found [File Uploaded!
some-file.txt]]]>
            </message>
            <full-stacktrace>
              <![CDATA[java.lang.AssertionError: expected [File Uploaded!
TextDoc.txt] but found [File Uploaded!
some-file.txt]
at org.testng.Assert.fail(Assert.java:97)
at org.testng.Assert.assertEqualsImpl(Assert.java:136)
at org.testng.Assert.assertEquals(Assert.java:118)
at org.testng.Assert.assertEquals(Assert.java:575)
at org.testng.Assert.assertEquals(Assert.java:585)
at com.testcases.Tests.upload(Tests.java:205)
at sun.reflect.NativeMethodAccessorImpl.invoke0(Native Method)
at sun.reflect.NativeMethodAccessorImpl.invoke(NativeMethodAccessorImpl.java:62)
at sun.reflect.DelegatingMethodAccessorImpl.invoke(DelegatingMethodAccessorImpl.java:43)
at java.lang.reflect.Method.invoke(Method.java:498)
at org.testng.internal.MethodInvocationHelper.invokeMethod(MethodInvocationHelper.java:134)
at org.testng.internal.TestInvoker.invokeMethod(TestInvoker.java:597)
at org.testng.internal.TestInvoker.invokeTestMethod(TestInvoker.java:173)
at org.testng.internal.MethodRunner.runInSequence(MethodRunner.java:46)
at org.testng.internal.TestInvoker$MethodInvocationAgent.invoke(TestInvoker.java:816)
at org.testng.internal.TestInvoker.invokeTestMethods(TestInvoker.java:146)
at org.testng.internal.TestMethodWorker.invokeTestMethods(TestMethodWorker.java:146)
at org.testng.internal.TestMethodWorker.run(TestMethodWorker.java:128)
at java.util.ArrayList.forEach(ArrayList.java:1257)
at org.testng.TestRunner.privateRun(TestRunner.java:766)
at org.testng.TestRunner.run(TestRunner.java:587)
at org.testng.SuiteRunner.runTest(SuiteRunner.java:384)
at org.testng.SuiteRunner.runSequentially(SuiteRunner.java:378)
at org.testng.SuiteRunner.privateRun(SuiteRunner.java:337)
at org.testng.SuiteRunner.run(SuiteRunner.java:286)
at org.testng.SuiteRunnerWorker.runSuite(SuiteRunnerWorker.java:53)
at org.testng.SuiteRunnerWorker.run(SuiteRunnerWorker.java:96)
at org.testng.TestNG.runSuitesSequentially(TestNG.java:1187)
at org.testng.TestNG.runSuitesLocally(TestNG.java:1109)
at org.testng.TestNG.runSuites(TestNG.java:1039)
at org.testng.TestNG.run(TestNG.java:1007)
at org.testng.remote.AbstractRemoteTestNG.run(AbstractRemoteTestNG.java:115)
at org.testng.remote.RemoteTestNG.initAndRun(RemoteTestNG.java:251)
at org.testng.remote.RemoteTestNG.main(RemoteTestNG.java:77)
]]>
            </full-stacktrace>
          </exception> <!-- java.lang.AssertionError -->
          <reporter-output>
          </reporter-output>
        </test-method> <!-- upload -->
      </class> <!-- com.testcases.Tests -->
    </test> <!-- Default test -->
  </suite> <!-- Default suite -->
</testng-results>
